[debug] [2025-04-27T09:53:20.196Z] ----------------------------------------------------------------------
[debug] [2025-04-27T09:53:20.198Z] Command:       C:\Program Files\nodejs\node.exe C:\Users\jcfab\AppData\Roaming\npm\node_modules\firebase-tools\lib\bin\firebase.js init
[debug] [2025-04-27T09:53:20.199Z] CLI Version:   14.2.1
[debug] [2025-04-27T09:53:20.199Z] Platform:      win32
[debug] [2025-04-27T09:53:20.199Z] Node Version:  v22.12.0
[debug] [2025-04-27T09:53:20.199Z] Time:          Sun Apr 27 2025 17:53:20 GMT+0800 (Philippine Standard Time)
[debug] [2025-04-27T09:53:20.199Z] ----------------------------------------------------------------------
[debug] 
[debug] [2025-04-27T09:53:20.202Z] >>> [apiv2][query] GET https://firebase-public.firebaseio.com/cli.json [none]
[debug] [2025-04-27T09:53:20.246Z] > command requires scopes: ["email","openid","https://www.googleapis.com/auth/cloudplatformprojects.readonly","https://www.googleapis.com/auth/firebase","https://www.googleapis.com/auth/cloud-platform"]
[debug] [2025-04-27T09:53:20.246Z] > authorizing via signed-in user (nhojbernal38@gmail.com)
[info] 
     ######## #### ########  ######## ########     ###     ######  ########
     ##        ##  ##     ## ##       ##     ##  ##   ##  ##       ##
     ######    ##  ########  ######   ########  #########  ######  ######
     ##        ##  ##    ##  ##       ##     ## ##     ##       ## ##
     ##       #### ##     ## ######## ########  ##     ##  ######  ########

You're about to initialize a Firebase project in this directory:

  C:\Users\jcfab\OneDrive\Documents\GitHub\crsvoyage

[debug] [2025-04-27T09:53:20.669Z] <<< [apiv2][status] GET https://firebase-public.firebaseio.com/cli.json 200
[debug] [2025-04-27T09:53:20.670Z] <<< [apiv2][body] GET https://firebase-public.firebaseio.com/cli.json {"cloudBuildErrorAfter":1594252800000,"cloudBuildWarnAfter":1590019200000,"defaultNode10After":1594252800000,"minVersion":"3.0.5","node8DeploysDisabledAfter":1613390400000,"node8RuntimeDisabledAfter":1615809600000,"node8WarnAfter":1600128000000}
